<?xml version="1.0" encoding="UTF-8"?>
<testng-results ignored="0" total="1" passed="1" failed="0" skipped="0">
  <reporter-output>
  </reporter-output>
  <suite started-at="2025-05-29T17:55:15 IST" name="Default suite" finished-at="2025-05-29T17:55:49 IST" duration-ms="33676">
    <groups>
    </groups>
    <test started-at="2025-05-29T17:55:15 IST" name="Default test" finished-at="2025-05-29T17:55:49 IST" duration-ms="33676">
      <class name="tests.EcommerceTest">
        <test-method is-config="true" signature="setUp()[pri:0, instance:tests.EcommerceTest@38afe297]" started-at="2025-05-29T17:55:15 IST" name="setUp" finished-at="2025-05-29T17:55:24 IST" duration-ms="9132" status="PASS">
          <reporter-output>
          </reporter-output>
        </test-method> <!-- setUp -->
        <test-method signature="testFullSignupLoginAndAddToCart()[pri:0, instance:tests.EcommerceTest@38afe297]" started-at="2025-05-29T17:55:25 IST" name="testFullSignupLoginAndAddToCart" finished-at="2025-05-29T17:55:48 IST" duration-ms="23860" status="PASS">
          <reporter-output>
          </reporter-output>
        </test-method> <!-- testFullSignupLoginAndAddToCart -->
        <test-method is-config="true" signature="tearDown()[pri:0, instance:tests.EcommerceTest@38afe297]" started-at="2025-05-29T17:55:48 IST" name="tearDown" finished-at="2025-05-29T17:55:49 IST" duration-ms="612" status="PASS">
          <reporter-output>
          </reporter-output>
        </test-method> <!-- tearDown -->
      </class> <!-- tests.EcommerceTest -->
    </test> <!-- Default test -->
  </suite> <!-- Default suite -->
</testng-results>
